<?xml version="1.0" encoding="UTF-8"?>
<!-- Generated by org.testng.reporters.JUnitReportReporter -->
<testsuite hostname="IQTREE" failures="0" tests="1" name="launchscript.LaunchScript" time="341.923" errors="0" timestamp="2024-12-31T11:08:00 IST" skipped="0">
  <testcase classname="launchscript.LaunchScript" name="LaunchScript" time="341.923"/>
  <system-out/>
</testsuite> <!-- launchscript.LaunchScript -->
