<?xml version="1.0" encoding="UTF-8"?>
<!-- Generated by org.testng.reporters.JUnitReportReporter -->
<testsuite hostname="SHIVANGANI" failures="0" tests="1" name="uitests.GHGCalculator_BusinessTravelCalculatorPageTests" time="542.362" errors="0" timestamp="2024-12-26T13:49:44 IST" skipped="0">
  <testcase classname="uitests.GHGCalculator_BusinessTravelCalculatorPageTests" name="TC013_ValidateAddActivitiesForBusinessTravelDistanceBaseMethodCalculator" time="542.362"/>
  <system-out/>
</testsuite> <!-- uitests.GHGCalculator_BusinessTravelCalculatorPageTests -->
