<?xml version="1.0" encoding="UTF-8"?>
<!-- Generated by org.testng.reporters.JUnitReportReporter -->
<testsuite hostname="SHIVANGANI" failures="0" tests="1" name="uitests.GHGCalculator_HomeOfficeTelecomCalculatorPageTests" time="505.010" errors="0" timestamp="2024-12-26T14:52:14 IST" skipped="0">
  <testcase classname="uitests.GHGCalculator_HomeOfficeTelecomCalculatorPageTests" name="TC017_ValidateAddActivityforHomeOfficeTelecommuting_InScope3_7Calculator" time="505.010"/>
  <system-out/>
</testsuite> <!-- uitests.GHGCalculator_HomeOfficeTelecomCalculatorPageTests -->
