<?xml version="1.0" encoding="UTF-8"?>
<!-- Generated by org.testng.reporters.JUnitReportReporter -->
<testsuite hostname="IQTREE" failures="0" tests="1" name="uitests.GHGCalculator_UseofSoldProductCalculatorPageTests" time="90.639" errors="0" timestamp="2025-01-09T16:43:53 IST" skipped="0">
  <testcase classname="uitests.GHGCalculator_UseofSoldProductCalculatorPageTests" name="TC022_ValidateAddActivityfor3_11UseofSoldProdutcs" time="90.639"/>
  <system-out/>
</testsuite> <!-- uitests.GHGCalculator_UseofSoldProductCalculatorPageTests -->
