<?xml version="1.0" encoding="UTF-8"?>
<!-- Generated by org.testng.reporters.JUnitReportReporter -->
<testsuite hostname="IQTREE" failures="0" tests="1" name="uitests.GHGCalculators_EndOfLifeTreatmentCalculatorPageTests" time="122.622" errors="0" timestamp="2025-01-09T16:43:53 IST" skipped="0">
  <testcase classname="uitests.GHGCalculators_EndOfLifeTreatmentCalculatorPageTests" name="TC023_ValidateAddActivityforEndOfLifeTreatemtForSoldProductInScope3_12Calculator" time="122.622"/>
  <system-out/>
</testsuite> <!-- uitests.GHGCalculators_EndOfLifeTreatmentCalculatorPageTests -->
