<?xml version="1.0" encoding="UTF-8"?>
<!-- Generated by org.testng.reporters.JUnitReportReporter -->
<testsuite hostname="SHIVANGANI" failures="0" tests="1" name="launchscript.LaunchScript" time="531.305" errors="0" timestamp="2024-12-30T17:56:29 IST" skipped="0">
  <testcase classname="launchscript.LaunchScript" name="LaunchScript" time="531.305"/>
  <system-out/>
</testsuite> <!-- launchscript.LaunchScript -->
