<?xml version="1.0" encoding="UTF-8"?>
<!-- Generated by org.testng.reporters.JUnitReportReporter -->
<testsuite hostname="IQTREE" failures="0" tests="3" name="uitests.GHGCalculator_DirectEmissionCalculatorPageTests" time="374.291" errors="0" timestamp="2025-01-09T16:43:53 IST" skipped="0">
  <testcase classname="uitests.GHGCalculator_DirectEmissionCalculatorPageTests" name="TC003_ValidateAddActivityForRefrigerantsandFugitivesInScope1Calculator" time="93.406"/>
  <system-out/>
  <testcase classname="uitests.GHGCalculator_DirectEmissionCalculatorPageTests" name="TC001_ValidateAddActivityForStationaryCombustionInScope1Calculator" time="178.264"/>
  <system-out/>
  <testcase classname="uitests.GHGCalculator_DirectEmissionCalculatorPageTests" name="TC002_ValidateAddActivityForMobileCombustionInScope1Calculator" time="102.621"/>
  <system-out/>
</testsuite> <!-- uitests.GHGCalculator_DirectEmissionCalculatorPageTests -->
