<?xml version="1.0" encoding="UTF-8"?>
<!-- Generated by org.testng.reporters.JUnitReportReporter -->
<testsuite hostname="LAPTOP-GGJ5BQP4" failures="0" tests="1" name="uitests.GHGCalculator_BusinessTravelCalculatorPageTests" time="254.634" errors="0" timestamp="2024-09-23T16:20:45 IST" skipped="0">
  <testcase classname="uitests.GHGCalculator_BusinessTravelCalculatorPageTests" name="TC014_ValidateAddActivitiesForBusinessTravelSpendBaseMethodCalculator" time="254.634"/>
  <system-out/>
</testsuite> <!-- uitests.GHGCalculator_BusinessTravelCalculatorPageTests -->
