<?xml version="1.0" encoding="UTF-8"?>
<!-- Generated by org.testng.reporters.JUnitReportReporter -->
<testsuite hostname="IQTREE" failures="0" tests="1" name="uitests.GHGCalculator_HotelStayCalculatorPageTests" time="103.535" errors="0" timestamp="2025-01-09T16:43:53 IST" skipped="0">
  <testcase classname="uitests.GHGCalculator_HotelStayCalculatorPageTests" name="TC015_ValidateAddActivityforHotelStay3_6GHGCalculator" time="103.535"/>
  <system-out/>
</testsuite> <!-- uitests.GHGCalculator_HotelStayCalculatorPageTests -->
