<?xml version="1.0" encoding="UTF-8"?>
<!-- Generated by org.testng.reporters.JUnitReportReporter -->
<testsuite hostname="IQTREE" failures="0" tests="1" name="uitests.GHGCalculator_UpstreamLeasedAssetsCalculatorPageTests" time="206.651" errors="0" timestamp="2025-01-02T11:58:32 IST" skipped="0">
  <testcase classname="uitests.GHGCalculator_UpstreamLeasedAssetsCalculatorPageTests" name="TC018_ValidateAddActivityfor3_8UpstreamLeasedAssets" time="206.651"/>
  <system-out/>
</testsuite> <!-- uitests.GHGCalculator_UpstreamLeasedAssetsCalculatorPageTests -->
