<?xml version="1.0" encoding="UTF-8"?>
<!-- Generated by org.testng.reporters.JUnitReportReporter -->
<testsuite hostname="DESKTOP-0FL997G" failures="0" tests="1" name="uitests.GHGCalculator_DirectEmissionCalculatorPageTests" time="156.174" errors="0" timestamp="2024-11-15T12:38:08 IST" skipped="0">
  <testcase classname="uitests.GHGCalculator_DirectEmissionCalculatorPageTests" name="TC003_ValidateAddActivityForRefrigerantsandFugitivesInScope1Calculator" time="156.174"/>
  <system-out/>
</testsuite> <!-- uitests.GHGCalculator_DirectEmissionCalculatorPageTests -->
