<?xml version="1.0" encoding="UTF-8"?>
<!-- Generated by org.testng.reporters.JUnitReportReporter -->
<testsuite hostname="DESKTOP-0FL997G" failures="0" tests="1" name="uitests.GHGCalculators_EndOfLifeTreatmentCalculatorPageTests" time="99.356" errors="0" timestamp="2024-11-14T17:11:01 IST" skipped="0">
  <testcase classname="uitests.GHGCalculators_EndOfLifeTreatmentCalculatorPageTests" name="TC023_ValidateAddActivityforEndOfLifeTreatemtForSoldProductInScope3_12Calculator" time="99.356"/>
  <system-out/>
</testsuite> <!-- uitests.GHGCalculators_EndOfLifeTreatmentCalculatorPageTests -->
