<?xml version="1.0" encoding="UTF-8"?>
<!-- Generated by org.testng.reporters.JUnitReportReporter -->
<testsuite hostname="SHIVANGANI" failures="0" tests="1" name="launchscript.LaunchScript" time="197.616" errors="0" timestamp="2024-12-27T17:55:33 IST" skipped="0">
  <testcase classname="launchscript.LaunchScript" name="LaunchScript" time="197.616"/>
  <system-out/>
</testsuite> <!-- launchscript.LaunchScript -->
