<?xml version="1.0" encoding="UTF-8"?>
<!-- Generated by org.testng.reporters.JUnitReportReporter -->
<testsuite hostname="DESKTOP-0FL997G" failures="0" tests="1" name="launchscript.LaunchScript" time="119.482" errors="0" timestamp="2024-11-18T17:06:04 IST" skipped="0">
  <testcase classname="launchscript.LaunchScript" name="LaunchScript" time="119.482"/>
  <system-out/>
</testsuite> <!-- launchscript.LaunchScript -->
