<?xml version="1.0" encoding="UTF-8"?>
<!-- Generated by org.testng.reporters.JUnitReportReporter -->
<testsuite hostname="SHIVANGANI" failures="0" tests="2" name="uitests.GHGCalculator_BusinessTravelCalculatorPageTests" time="819.049" errors="0" timestamp="2024-12-30T17:25:56 IST" skipped="0">
  <testcase classname="uitests.GHGCalculator_BusinessTravelCalculatorPageTests" name="TC013_ValidateAddActivitiesForBusinessTravelDistanceBaseMethodCalculator" time="414.075"/>
  <system-out/>
  <testcase classname="uitests.GHGCalculator_BusinessTravelCalculatorPageTests" name="TC014_ValidateAddActivitiesForBusinessTravelSpendBaseMethodCalculator" time="404.974"/>
  <system-out/>
</testsuite> <!-- uitests.GHGCalculator_BusinessTravelCalculatorPageTests -->
