<?xml version="1.0" encoding="UTF-8"?>
<!-- Generated by org.testng.reporters.JUnitReportReporter -->
<testsuite hostname="DESKTOP-0FL997G" failures="0" tests="1" name="uitests.GHGCalculator_HotelStayCalculatorPageTests" time="148.875" errors="0" timestamp="2024-11-13T10:45:32 IST" skipped="0">
  <testcase classname="uitests.GHGCalculator_HotelStayCalculatorPageTests" name="TC015_ValidateAddActivityforHotelStay3_6GHGCalculator" time="148.875"/>
  <system-out/>
</testsuite> <!-- uitests.GHGCalculator_HotelStayCalculatorPageTests -->
