<?xml version="1.0" encoding="UTF-8"?>
<!-- Generated by org.testng.reporters.JUnitReportReporter -->
<testsuite hostname="IQTREE" failures="0" tests="1" name="launchscript.LaunchScript" time="178.797" errors="0" timestamp="2025-01-02T12:51:49 IST" skipped="0">
  <testcase classname="launchscript.LaunchScript" name="LaunchScript" time="178.797"/>
  <system-out/>
</testsuite> <!-- launchscript.LaunchScript -->
