<?xml version="1.0" encoding="UTF-8"?>
<!-- Generated by org.testng.reporters.JUnitReportReporter -->
<testsuite hostname="IQTREE" failures="0" tests="1" name="uitests.GHGCalculator_UseofSoldProductCalculatorPageTests" time="179.621" errors="0" timestamp="2025-01-02T11:58:32 IST" skipped="0">
  <testcase classname="uitests.GHGCalculator_UseofSoldProductCalculatorPageTests" name="TC022_ValidateAddActivityfor3_11UseofSoldProdutcs" time="179.621"/>
  <system-out/>
</testsuite> <!-- uitests.GHGCalculator_UseofSoldProductCalculatorPageTests -->
