<?xml version="1.0" encoding="UTF-8"?>
<!-- Generated by org.testng.reporters.JUnitReportReporter -->
<testsuite hostname="SHIVANGANI" failures="0" tests="1" name="uitests.GHGCalculator_WasteGeneratedInOperationsCalculatorPageTests" time="195.486" errors="0" timestamp="2024-12-27T17:55:33 IST" skipped="0">
  <testcase classname="uitests.GHGCalculator_WasteGeneratedInOperationsCalculatorPageTests" name="TC012_ValidateAddActivitiesForWastegeneratedInOperations" time="195.486"/>
  <system-out/>
</testsuite> <!-- uitests.GHGCalculator_WasteGeneratedInOperationsCalculatorPageTests -->
