<?xml version="1.0" encoding="UTF-8"?>
<!-- Generated by org.testng.reporters.JUnitReportReporter -->
<testsuite hostname="SHIVANGANI" failures="0" tests="1" name="uitests.GHGCalculator_DownstreamTransportationDistributionCalculatorPageTests" time="528.702" errors="0" timestamp="2024-12-30T17:56:29 IST" skipped="0">
  <testcase classname="uitests.GHGCalculator_DownstreamTransportationDistributionCalculatorPageTests" name="TC019_ValidateAddActivityforDownstreamTransportationandDistribution_InScope3_9Calculator" time="528.702"/>
  <system-out/>
</testsuite> <!-- uitests.GHGCalculator_DownstreamTransportationDistributionCalculatorPageTests -->
