<?xml version="1.0" encoding="UTF-8"?>
<!-- Generated by org.testng.reporters.JUnitReportReporter -->
<testsuite hostname="IQTREE" failures="0" tests="1" name="uitests.GHGCalculator_HotelStayCalculatorPageTests" time="150.388" errors="0" timestamp="2024-12-13T16:16:27 IST" skipped="0">
  <testcase classname="uitests.GHGCalculator_HotelStayCalculatorPageTests" name="TC015_ValidateAddActivityforHotelStay3_6GHGCalculator" time="150.388"/>
  <system-out/>
</testsuite> <!-- uitests.GHGCalculator_HotelStayCalculatorPageTests -->
