<?xml version="1.0" encoding="UTF-8"?>
<!-- Generated by org.testng.reporters.JUnitReportReporter -->
<testsuite hostname="IQTREE" failures="0" tests="1" name="uitests.GHGCalculator_DirectEmissionCalculatorPageTests" time="319.474" errors="0" timestamp="2025-01-02T12:34:05 IST" skipped="0">
  <testcase classname="uitests.GHGCalculator_DirectEmissionCalculatorPageTests" name="TC003_ValidateAddActivityForRefrigerantsandFugitivesInScope1Calculator" time="319.474"/>
  <system-out/>
</testsuite> <!-- uitests.GHGCalculator_DirectEmissionCalculatorPageTests -->
