<?xml version="1.0" encoding="UTF-8"?>
<!-- Generated by org.testng.reporters.JUnitReportReporter -->
<testsuite hostname="Naveen" failures="0" tests="1" name="uitests.DataRequestPageTests" time="0.892" errors="0" timestamp="2024-05-16T11:49:55 IST" skipped="0">
  <testcase classname="uitests.DataRequestPageTests" name="TC007_ValidateDataRequestTiffanyApprovalWorkFlow" time="0.892"/>
  <system-out/>
</testsuite> <!-- uitests.DataRequestPageTests -->
