<?xml version="1.0" encoding="UTF-8"?>
<!-- Generated by org.testng.reporters.JUnitReportReporter -->
<testsuite hostname="SHIVANGANI" failures="0" tests="1" name="uitests.GHGCalculator_HomeOfficeTelecomCalculatorPageTests" time="484.039" errors="0" timestamp="2024-12-30T17:44:29 IST" skipped="0">
  <testcase classname="uitests.GHGCalculator_HomeOfficeTelecomCalculatorPageTests" name="TC017_ValidateAddActivityforHomeOfficeTelecommuting_InScope3_7Calculator" time="484.039"/>
  <system-out/>
</testsuite> <!-- uitests.GHGCalculator_HomeOfficeTelecomCalculatorPageTests -->
