<?xml version="1.0" encoding="UTF-8"?>
<!-- Generated by org.testng.reporters.JUnitReportReporter -->
<testsuite hostname="IQTREE" failures="0" tests="1" name="uitests.GHGCalculators_ProcessingofSoldProductCalculatorPageTests" time="123.760" errors="0" timestamp="2025-01-09T16:43:53 IST" skipped="0">
  <testcase classname="uitests.GHGCalculators_ProcessingofSoldProductCalculatorPageTests" name="TC021_ValidateAddActivityfor3_10PrcessingofSoldProdutcs" time="123.760"/>
  <system-out/>
</testsuite> <!-- uitests.GHGCalculators_ProcessingofSoldProductCalculatorPageTests -->
