<?xml version="1.0" encoding="UTF-8"?>
<!-- Generated by org.testng.reporters.JUnitReportReporter -->
<testsuite hostname="DESKTOP-0FL997G" failures="0" tests="1" name="uitests.GHGCalculator_UpstreamLeasedAssetsCalculatorPageTests" time="152.022" errors="0" timestamp="2024-11-14T16:27:48 IST" skipped="0">
  <testcase classname="uitests.GHGCalculator_UpstreamLeasedAssetsCalculatorPageTests" name="TC018_ValidateAddActivityfor3_8UpstreamLeasedAssets" time="152.022"/>
  <system-out/>
</testsuite> <!-- uitests.GHGCalculator_UpstreamLeasedAssetsCalculatorPageTests -->
