<?xml version="1.0" encoding="UTF-8"?>
<!-- Generated by org.testng.reporters.JUnitReportReporter -->
<testsuite hostname="SHIVANGANI" failures="0" tests="1" name="uitests.GHGCalculator_FuelAndEnergyRelatedActivitiesCalculatorPageTests" time="339.553" errors="0" timestamp="2024-12-26T13:08:36 IST" skipped="0">
  <testcase classname="uitests.GHGCalculator_FuelAndEnergyRelatedActivitiesCalculatorPageTests" name="TC009_ValidateAddActivityforFuelandEnergyRelatedActivities_InScope3_3Calculator" time="339.553"/>
  <system-out/>
</testsuite> <!-- uitests.GHGCalculator_FuelAndEnergyRelatedActivitiesCalculatorPageTests -->
