<?xml version="1.0" encoding="UTF-8"?>
<!-- Generated by org.testng.reporters.JUnitReportReporter -->
<testsuite hostname="LAPTOP-GGJ5BQP4" failures="0" tests="1" name="uitests.GHGCalculator_WasteGeneratedInOperationsCalculatorPageTests" time="261.583" errors="0" timestamp="2024-09-20T14:06:07 IST" skipped="0">
  <testcase classname="uitests.GHGCalculator_WasteGeneratedInOperationsCalculatorPageTests" name="TC012_ValidateAddActivitiesForWastegeneratedInOperations" time="261.583"/>
  <system-out/>
</testsuite> <!-- uitests.GHGCalculator_WasteGeneratedInOperationsCalculatorPageTests -->
