<?xml version="1.0" encoding="UTF-8"?>
<!-- Generated by org.testng.reporters.JUnitReportReporter -->
<testsuite hostname="IQTREE" failures="0" tests="2" name="uitests.GHGCalculatorPurchasedGoodServicesCalculatorPageTests" time="336.479" errors="0" timestamp="2025-01-02T11:58:32 IST" skipped="0">
  <testcase classname="uitests.GHGCalculatorPurchasedGoodServicesCalculatorPageTests" name="TC006_ValidateAddActivityforPurchasedGoodsandSerInScope3_1SpendBasedCalculator" time="145.214"/>
  <system-out/>
  <testcase classname="uitests.GHGCalculatorPurchasedGoodServicesCalculatorPageTests" name="TC005_ValidateAddActivityforPurchasedGoodsandSerAveragedataInScope3_1Calculator" time="191.265"/>
  <system-out/>
</testsuite> <!-- uitests.GHGCalculatorPurchasedGoodServicesCalculatorPageTests -->
