<?xml version="1.0" encoding="UTF-8"?>
<!-- Generated by org.testng.reporters.JUnitReportReporter -->
<testsuite hostname="IQTREE" failures="0" tests="4" name="uitests.GHGCalculator_InvestmentsCalculatorPageTests" time="338.246" errors="0" timestamp="2024-12-31T11:08:00 IST" skipped="0">
  <testcase classname="uitests.GHGCalculator_InvestmentsCalculatorPageTests" name="TC028_ValidateAddActivityfor3_15InvestmentsDeptProjectFinancingSpecificMethod" time="93.033"/>
  <system-out/>
  <testcase classname="uitests.GHGCalculator_InvestmentsCalculatorPageTests" name="TC026_ValidateAddActivityfor3_15InvestmentsSpecificMethod" time="126.910"/>
  <system-out/>
  <testcase classname="uitests.GHGCalculator_InvestmentsCalculatorPageTests" name="TC029_ValidateAddActivityfor3_15InvestmentsDebtProjectFinancingAverageDataMethod" time="58.077"/>
  <system-out/>
  <testcase classname="uitests.GHGCalculator_InvestmentsCalculatorPageTests" name="TC027_ValidateAddActivityfor3_15InvestmentsAveraggeDataMethod" time="60.226"/>
  <system-out/>
</testsuite> <!-- uitests.GHGCalculator_InvestmentsCalculatorPageTests -->
