<?xml version="1.0" encoding="UTF-8"?>
<!-- Generated by org.testng.reporters.JUnitReportReporter -->
<testsuite hostname="SHIVANGANI" failures="0" tests="1" name="uitests.GHGCalculatorEmployeeCommutingCalculatorPageTests" time="448.147" errors="0" timestamp="2024-12-26T15:27:55 IST" skipped="0">
  <testcase classname="uitests.GHGCalculatorEmployeeCommutingCalculatorPageTests" name="TC016_ValidateAddActivitiesForEmployeeCommutingCalculator" time="448.147"/>
  <system-out/>
</testsuite> <!-- uitests.GHGCalculatorEmployeeCommutingCalculatorPageTests -->
