<?xml version="1.0" encoding="UTF-8"?>
<!-- Generated by org.testng.reporters.JUnitReportReporter -->
<testsuite hostname="DESKTOP-0FL997G" failures="0" tests="1" name="uitests.GHGCalculator_InvestmentsCalculatorPageTests" time="116.509" errors="0" timestamp="2024-11-18T17:06:04 IST" skipped="0">
  <testcase classname="uitests.GHGCalculator_InvestmentsCalculatorPageTests" name="TC029_ValidateAddActivityfor3_15InvestmentsDebtProjectFinancingAverageDataMethod" time="116.509"/>
  <system-out/>
</testsuite> <!-- uitests.GHGCalculator_InvestmentsCalculatorPageTests -->
