<?xml version="1.0" encoding="UTF-8"?>
<!-- Generated by org.testng.reporters.JUnitReportReporter -->
<testsuite hostname="Naveen" failures="0" tests="2" name="uitests.DataSourceTests" time="35.700" errors="0" timestamp="2024-04-05T20:19:20 IST" skipped="0">
  <testcase classname="uitests.DataSourceTests" name="TC007_loginToApp_user" time="10.128"/>
  <system-out/>
  <testcase classname="uitests.DataSourceTests" name="TC007_loginToApp_data" time="25.572"/>
  <system-out/>
</testsuite> <!-- uitests.DataSourceTests -->
