<?xml version="1.0" encoding="UTF-8"?>
<!-- Generated by org.testng.reporters.JUnitReportReporter -->
<testsuite hostname="LAPTOP-GGJ5BQP4" failures="0" tests="1" name="uitests.GHGCalculator_FuelAndEnergyRelatedActivitiesCalculatorPageTests" time="216.795" errors="0" timestamp="2024-09-19T19:01:03 IST" skipped="0">
  <testcase classname="uitests.GHGCalculator_FuelAndEnergyRelatedActivitiesCalculatorPageTests" name="TC009_ValidateAddActivityforFuelandEnergyRelatedActivities_InScope3_3Calculator" time="216.795"/>
  <system-out/>
</testsuite> <!-- uitests.GHGCalculator_FuelAndEnergyRelatedActivitiesCalculatorPageTests -->
