<?xml version="1.0" encoding="UTF-8"?>
<!-- Generated by org.testng.reporters.JUnitReportReporter -->
<testsuite hostname="SHIVANGANI" failures="0" tests="1" name="uitests.GHGCalculator_InDirectEmissionCalculatorPageTests" time="953.696" errors="0" timestamp="2024-12-30T15:24:51 IST" skipped="0">
  <testcase classname="uitests.GHGCalculator_InDirectEmissionCalculatorPageTests" name="TC004_ValidateAddActivityForInDirectEmissionInScope2Calculator" time="953.696"/>
  <system-out/>
</testsuite> <!-- uitests.GHGCalculator_InDirectEmissionCalculatorPageTests -->
