<?xml version="1.0" encoding="UTF-8"?>
<!-- Generated by org.testng.reporters.JUnitReportReporter -->
<testsuite hostname="SHIVANGANI" failures="0" tests="1" name="uitests.GHGCalculatorEmployeeCommutingCalculatorPageTests" time="400.496" errors="0" timestamp="2024-12-30T17:44:29 IST" skipped="0">
  <testcase classname="uitests.GHGCalculatorEmployeeCommutingCalculatorPageTests" name="TC016_ValidateAddActivitiesForEmployeeCommutingCalculator" time="400.496"/>
  <system-out/>
</testsuite> <!-- uitests.GHGCalculatorEmployeeCommutingCalculatorPageTests -->
