<?xml version="1.0" encoding="UTF-8"?>
<!-- Generated by org.testng.reporters.JUnitReportReporter -->
<testsuite hostname="DESKTOP-0FL997G" failures="0" tests="1" name="uitests.GHGCalculator_UseofSoldProductCalculatorPageTests" time="242.512" errors="0" timestamp="2024-11-13T11:44:31 IST" skipped="0">
  <testcase classname="uitests.GHGCalculator_UseofSoldProductCalculatorPageTests" name="TC022_ValidateAddActivityfor3_11UseofSoldProdutcs" time="242.512"/>
  <system-out/>
</testsuite> <!-- uitests.GHGCalculator_UseofSoldProductCalculatorPageTests -->
