<?xml version="1.0" encoding="UTF-8"?>
<!-- Generated by org.testng.reporters.JUnitReportReporter -->
<testsuite hostname="DESKTOP-0FL997G" failures="0" tests="1" name="uitests.GHGCalculator_DownstreamLeasedAssetsCalculatorPageTests" time="94.943" errors="0" timestamp="2024-11-14T16:42:44 IST" skipped="0">
  <testcase classname="uitests.GHGCalculator_DownstreamLeasedAssetsCalculatorPageTests" name="TC024_ValidateAddActivityfor3_13DownstreamLeasedAssets" time="94.943"/>
  <system-out/>
</testsuite> <!-- uitests.GHGCalculator_DownstreamLeasedAssetsCalculatorPageTests -->
