<?xml version="1.0" encoding="UTF-8"?>
<!-- Generated by org.testng.reporters.JUnitReportReporter -->
<testsuite hostname="SHIVANGANI" failures="0" tests="1" name="uitests.GHGCalculator_UpstreamTransportationDistributionCalculatorPageTests" time="601.843" errors="0" timestamp="2024-12-26T13:21:45 IST" skipped="0">
  <testcase classname="uitests.GHGCalculator_UpstreamTransportationDistributionCalculatorPageTests" name="TC010_ValidateAddActivityforUpstreamTransportationandDistribution_InScope3_4Calculator" time="601.843"/>
  <system-out/>
</testsuite> <!-- uitests.GHGCalculator_UpstreamTransportationDistributionCalculatorPageTests -->
