<?xml version="1.0" encoding="UTF-8"?>
<!-- Generated by org.testng.reporters.JUnitReportReporter -->
<testsuite hostname="SHIVANGANI" failures="0" tests="1" name="uitests.GHGCalculator_DownstreamTransportationDistributionCalculatorPageTests" time="499.889" errors="0" timestamp="2024-12-26T14:03:12 IST" skipped="0">
  <testcase classname="uitests.GHGCalculator_DownstreamTransportationDistributionCalculatorPageTests" name="TC019_ValidateAddActivityforDownstreamTransportationandDistribution_InScope3_9Calculator" time="499.889"/>
  <system-out/>
</testsuite> <!-- uitests.GHGCalculator_DownstreamTransportationDistributionCalculatorPageTests -->
