<?xml version="1.0" encoding="UTF-8"?>
<!-- Generated by org.testng.reporters.JUnitReportReporter -->
<testsuite hostname="LAPTOP-GGJ5BQP4" failures="0" tests="1" name="uitests.GHGCalculator_HomeOfficeTelecomCalculatorPageTests" time="205.502" errors="0" timestamp="2024-09-24T16:11:17 IST" skipped="0">
  <testcase classname="uitests.GHGCalculator_HomeOfficeTelecomCalculatorPageTests" name="TC017_ValidateAddActivityforHomeOfficeTelecommuting_InScope3_7Calculator" time="205.502"/>
  <system-out/>
</testsuite> <!-- uitests.GHGCalculator_HomeOfficeTelecomCalculatorPageTests -->
