<?xml version="1.0" encoding="UTF-8"?>
<!-- Generated by org.testng.reporters.JUnitReportReporter -->
<testsuite hostname="IQTREE" failures="0" tests="1" name="uitests.GHGCalculators_ProcessingofSoldProductCalculatorPageTests" time="210.573" errors="0" timestamp="2024-12-31T10:17:51 IST" skipped="0">
  <testcase classname="uitests.GHGCalculators_ProcessingofSoldProductCalculatorPageTests" name="TC021_ValidateAddActivityfor3_10PrcessingofSoldProdutcs" time="210.573"/>
  <system-out/>
</testsuite> <!-- uitests.GHGCalculators_ProcessingofSoldProductCalculatorPageTests -->
