<?xml version="1.0" encoding="UTF-8"?>
<!-- Generated by org.testng.reporters.JUnitReportReporter -->
<testsuite hostname="DESKTOP-0FL997G" failures="0" tests="1" name="uitests.GHGCalculators_ProcessingofSoldProductCalculatorPageTests" time="144.125" errors="0" timestamp="2024-11-13T11:01:16 IST" skipped="0">
  <testcase classname="uitests.GHGCalculators_ProcessingofSoldProductCalculatorPageTests" name="TC021_ValidateAddActivityfor3_10PrcessingofSoldProdutcs" time="144.125"/>
  <system-out/>
</testsuite> <!-- uitests.GHGCalculators_ProcessingofSoldProductCalculatorPageTests -->
