<?xml version="1.0" encoding="UTF-8"?>
<!-- Generated by org.testng.reporters.JUnitReportReporter -->
<testsuite hostname="IQTREE" failures="0" tests="1" name="uitests.GHGCalculator_DownstreamLeasedAssetsCalculatorPageTests" time="118.201" errors="0" timestamp="2025-01-09T16:43:53 IST" skipped="0">
  <testcase classname="uitests.GHGCalculator_DownstreamLeasedAssetsCalculatorPageTests" name="TC024_ValidateAddActivityfor3_13DownstreamLeasedAssets" time="118.201"/>
  <system-out/>
</testsuite> <!-- uitests.GHGCalculator_DownstreamLeasedAssetsCalculatorPageTests -->
