<?xml version="1.0" encoding="UTF-8"?>
<!-- Generated by org.testng.reporters.JUnitReportReporter -->
<testsuite hostname="SHIVANGANI" failures="0" tests="1" name="uitests.GHGCalculator_FuelAndEnergyRelatedActivitiesCalculatorPageTests" time="1117.108" errors="0" timestamp="2024-12-30T16:09:33 IST" skipped="0">
  <testcase classname="uitests.GHGCalculator_FuelAndEnergyRelatedActivitiesCalculatorPageTests" name="TC009_ValidateAddActivityforFuelandEnergyRelatedActivities_InScope3_3Calculator" time="1117.108"/>
  <system-out/>
</testsuite> <!-- uitests.GHGCalculator_FuelAndEnergyRelatedActivitiesCalculatorPageTests -->
