<?xml version="1.0" encoding="UTF-8"?>
<!-- Generated by org.testng.reporters.JUnitReportReporter -->
<testsuite hostname="IQTREE" failures="0" tests="4" name="uitests.GHGCalculator_InvestmentsCalculatorPageTests" time="274.875" errors="0" timestamp="2025-01-02T11:58:32 IST" skipped="0">
  <testcase classname="uitests.GHGCalculator_InvestmentsCalculatorPageTests" name="TC026_ValidateAddActivityfor3_15InvestmentsSpecificMethod" time="77.403"/>
  <system-out/>
  <testcase classname="uitests.GHGCalculator_InvestmentsCalculatorPageTests" name="TC027_ValidateAddActivityfor3_15InvestmentsAveraggeDataMethod" time="68.098"/>
  <system-out/>
  <testcase classname="uitests.GHGCalculator_InvestmentsCalculatorPageTests" name="TC028_ValidateAddActivityfor3_15InvestmentsDeptProjectFinancingSpecificMethod" time="61.469"/>
  <system-out/>
  <testcase classname="uitests.GHGCalculator_InvestmentsCalculatorPageTests" name="TC029_ValidateAddActivityfor3_15InvestmentsDebtProjectFinancingAverageDataMethod" time="67.905"/>
  <system-out/>
</testsuite> <!-- uitests.GHGCalculator_InvestmentsCalculatorPageTests -->
