<?xml version="1.0" encoding="UTF-8"?>
<!-- Generated by org.testng.reporters.JUnitReportReporter -->
<testsuite hostname="IQTREE" failures="0" tests="2" name="uitests.GHGCalculatorCapitalGoodsAveragedataPageTests" time="251.103" errors="0" timestamp="2025-01-09T16:43:53 IST" skipped="0">
  <testcase classname="uitests.GHGCalculatorCapitalGoodsAveragedataPageTests" name="TC008_ValidateAddActivityforCapitalGoodsandSerInScope3_2SpendBasedCalculator" time="120.260"/>
  <system-out/>
  <testcase classname="uitests.GHGCalculatorCapitalGoodsAveragedataPageTests" name="TC007_ValidateAddActivityforCapitalGoodsandSerAveragedataInScope3_2Calculator" time="130.843"/>
  <system-out/>
</testsuite> <!-- uitests.GHGCalculatorCapitalGoodsAveragedataPageTests -->
