<?xml version="1.0" encoding="UTF-8"?>
<!-- Generated by org.testng.reporters.JUnitReportReporter -->
<testsuite hostname="IQTREE" failures="0" tests="1" name="uitests.GHGCalculators_EndOfLifeTreatmentCalculatorPageTests" time="132.547" errors="0" timestamp="2025-01-02T11:58:32 IST" skipped="0">
  <testcase classname="uitests.GHGCalculators_EndOfLifeTreatmentCalculatorPageTests" name="TC023_ValidateAddActivityforEndOfLifeTreatemtForSoldProductInScope3_12Calculator" time="132.547"/>
  <system-out/>
</testsuite> <!-- uitests.GHGCalculators_EndOfLifeTreatmentCalculatorPageTests -->
