<?xml version="1.0" encoding="UTF-8"?>
<!-- Generated by org.testng.reporters.JUnitReportReporter -->
<testsuite hostname="IQTREE" failures="0" tests="1" name="launchscript.LaunchScript" time="152.717" errors="0" timestamp="2024-12-13T16:16:27 IST" skipped="0">
  <testcase classname="launchscript.LaunchScript" name="LaunchScript" time="152.717"/>
  <system-out/>
</testsuite> <!-- launchscript.LaunchScript -->
