<?xml version="1.0" encoding="UTF-8"?>
<!-- Generated by org.testng.reporters.JUnitReportReporter -->
<testsuite hostname="SHIVANGANI" failures="0" tests="1" name="uitests.GHGCalculator_UpstreamTransportationDistributionCalculatorPageTests" time="429.335" errors="0" timestamp="2024-12-30T16:18:18 IST" skipped="0">
  <testcase classname="uitests.GHGCalculator_UpstreamTransportationDistributionCalculatorPageTests" name="TC010_ValidateAddActivityforUpstreamTransportationandDistribution_InScope3_4Calculator" time="429.335"/>
  <system-out/>
</testsuite> <!-- uitests.GHGCalculator_UpstreamTransportationDistributionCalculatorPageTests -->
