<?xml version="1.0" encoding="UTF-8"?>
<!-- Generated by org.testng.reporters.JUnitReportReporter -->
<testsuite hostname="IQTREE" failures="0" tests="1" name="uitests.GHGCalculator_DownstreamLeasedAssetsCalculatorPageTests" time="127.829" errors="0" timestamp="2025-01-02T11:58:32 IST" skipped="0">
  <testcase classname="uitests.GHGCalculator_DownstreamLeasedAssetsCalculatorPageTests" name="TC024_ValidateAddActivityfor3_13DownstreamLeasedAssets" time="127.829"/>
  <system-out/>
</testsuite> <!-- uitests.GHGCalculator_DownstreamLeasedAssetsCalculatorPageTests -->
