<?xml version="1.0" encoding="UTF-8"?>
<!-- Generated by org.testng.reporters.JUnitReportReporter -->
<testsuite hostname="IQTREE" failures="0" tests="1" name="uitests.GHGCalculatorCapitalGoodsAveragedataPageTests" time="175.993" errors="0" timestamp="2025-01-02T12:51:49 IST" skipped="0">
  <testcase classname="uitests.GHGCalculatorCapitalGoodsAveragedataPageTests" name="TC007_ValidateAddActivityforCapitalGoodsandSerAveragedataInScope3_2Calculator" time="175.993"/>
  <system-out/>
</testsuite> <!-- uitests.GHGCalculatorCapitalGoodsAveragedataPageTests -->
