<?xml version="1.0" encoding="UTF-8"?>
<!-- Generated by org.testng.reporters.JUnitReportReporter -->
<testsuite hostname="IQTREE" failures="0" tests="1" name="uitests.GHGCalculators_EndOfLifeTreatmentCalculatorPageTests" time="360.547" errors="0" timestamp="2024-12-31T10:06:53 IST" skipped="0">
  <testcase classname="uitests.GHGCalculators_EndOfLifeTreatmentCalculatorPageTests" name="TC023_ValidateAddActivityforEndOfLifeTreatemtForSoldProductInScope3_12Calculator" time="360.547"/>
  <system-out/>
</testsuite> <!-- uitests.GHGCalculators_EndOfLifeTreatmentCalculatorPageTests -->
