<?xml version="1.0" encoding="UTF-8"?>
<!-- Generated by org.testng.reporters.JUnitReportReporter -->
<testsuite hostname="DESKTOP-0FL997G" failures="0" tests="1" name="uitests.GHGCalculatorPurchasedGoodServicesCalculatorPageTests" time="128.708" errors="0" timestamp="2024-11-14T16:00:40 IST" skipped="0">
  <testcase classname="uitests.GHGCalculatorPurchasedGoodServicesCalculatorPageTests" name="TC006_ValidateAddActivityforPurchasedGoodsandSerInScope3_1SpendBasedCalculator" time="128.708"/>
  <system-out/>
</testsuite> <!-- uitests.GHGCalculatorPurchasedGoodServicesCalculatorPageTests -->
