<?xml version="1.0" encoding="UTF-8"?>
<!-- Generated by org.testng.reporters.JUnitReportReporter -->
<testsuite hostname="IQTREE" failures="0" tests="1" name="uitests.GHGCalculator_InvestmentsCalculatorPageTests" time="847.535" errors="0" timestamp="2025-01-09T17:05:41 IST" skipped="0">
  <testcase classname="uitests.GHGCalculator_InvestmentsCalculatorPageTests" name="TC028_ValidateAddActivityfor3_15InvestmentsDeptProjectFinancingSpecificMethod" time="847.535"/>
  <system-out/>
</testsuite> <!-- uitests.GHGCalculator_InvestmentsCalculatorPageTests -->
