<?xml version="1.0" encoding="UTF-8"?>
<!-- Generated by org.testng.reporters.JUnitReportReporter -->
<testsuite hostname="IQTREE" failures="0" tests="1" name="launchscript.LaunchScript" time="850.535" errors="0" timestamp="2025-01-09T17:05:42 IST" skipped="0">
  <testcase classname="launchscript.LaunchScript" name="LaunchScript" time="850.535"/>
  <system-out/>
</testsuite> <!-- launchscript.LaunchScript -->
